<?xml version="1.0" encoding="UTF-8"?>
<testsuite xmlns:xsi="http://www.w3.org/2001/XMLSchema-instance" xsi:noNamespaceSchemaLocation="https://maven.apache.org/surefire/maven-surefire-plugin/xsd/surefire-test-report-3.0.xsd" version="3.0" name="com.docencia.CarritoTest" time="0.097" tests="13" errors="0" skipped="0" failures="1">
  <properties>
[...]
</properties>
  <testcase name="testSubtotalCarritoVacio" classname="com.docencia.CarritoTest" time="0.041"/>
  <testcase name="testDescuentoMayor100" classname="com.docencia.CarritoTest" time="0.003"/>
  <testcase name="testEnvioMenor100" classname="com.docencia.CarritoTest" time="0.002"/>
  <testcase name="testDescuentoNegativo" classname="com.docencia.CarritoTest" time="0.002"/>
  <testcase name="testDescuentoValido" classname="com.docencia.CarritoTest" time="0.0"/>
  <testcase name="testTotalSinDescuento" classname="com.docencia.CarritoTest" time="0.002"/>
  <testcase name="testTotalConDescuento" classname="com.docencia.CarritoTest" time="0.005">
    <failure message="expected: &lt;90.0&gt; but was: &lt;95.0&gt;" type="org.opentest4j.AssertionFailedError"><![CDATA[org.opentest4j.AssertionFailedError: expected: <90.0> but was: <95.0>
	at org.junit.jupiter.api.AssertionFailureBuilder.build(AssertionFailureBuilder.java:151)
	at org.junit.jupiter.api.AssertionFailureBuilder.buildAndThrow(AssertionFailureBuilder.java:132)
	at org.junit.jupiter.api.AssertEquals.failNotEqual(AssertEquals.java:197)
	at org.junit.jupiter.api.AssertEquals.assertEquals(AssertEquals.java:70)
	at org.junit.jupiter.api.AssertEquals.assertEquals(AssertEquals.java:65)
	at org.junit.jupiter.api.Assertions.assertEquals(Assertions.java:885)
	at com.docencia.CarritoTest.testTotalConDescuento(CarritoTest.java:90)
	at java.base/java.lang.reflect.Method.invoke(Method.java:565)
	at java.base/java.util.ArrayList.forEach(ArrayList.java:1612)
	at java.base/java.util.ArrayList.forEach(ArrayList.java:1612)
]]></failure>
  </testcase>
  <testcase name="testSubtotalUnProducto" classname="com.docencia.CarritoTest" time="0.001"/>
  <testcase name="testSubtotalVariosProductos" classname="com.docencia.CarritoTest" time="0.001"/>
  <testcase name="testEnvioMayorIgual100" classname="com.docencia.CarritoTest" time="0.0"/>
  <testcase name="testDescuentoCero" classname="com.docencia.CarritoTest" time="0.0"/>
  <testcase name="testDescuentoCien" classname="com.docencia.CarritoTest" time="0.0"/>
  <testcase name="testTotalEnvioGratis" classname="com.docencia.CarritoTest" time="0.0"/>
</testsuite>